<?xml version="1.0" encoding="UTF-8"?>
<!-- Generated by org.testng.reporters.JUnitReportReporter -->
<testsuite name="testng.DataProviderTest" tests="5" time="0.020" ignored="0" failures="0" timestamp="08 二月 2017 07:15:58 GMT" skipped="0" hostname="QiuZidanes-MacBookAir.local" errors="0">
  <testcase name="test1" time="0.015" classname="testng.DataProviderTest"/>
  <testcase name="test2" time="0.001" classname="testng.DataProviderTest"/>
  <testcase name="test2" time="0.001" classname="testng.DataProviderTest"/>
  <testcase name="test2" time="0.001" classname="testng.DataProviderTest"/>
  <testcase name="test2" time="0.002" classname="testng.DataProviderTest"/>
</testsuite> <!-- testng.DataProviderTest -->
