<?xml version="1.0" encoding="UTF-8"?>
<!-- Generated by org.testng.reporters.JUnitReportReporter -->
<testsuite skipped="1" hostname="DESKTOP-QZidane-HP" name="testng.DataTest" tests="6" failures="0" timestamp="09 七月 2017 03:41:12 GMT" time="0.012" errors="0">
  <testcase name="f" time="0.001" classname="testng.DataTest"/>
  <testcase name="被依赖方法0" time="0.000" classname="testng.DataTest"/>
  <testcase name="f" time="0.010" classname="testng.DataTest"/>
  <testcase name="依赖别人的方法" time="0.001" classname="testng.DataTest"/>
  <testcase name="被依赖方法1" time="0.000" classname="testng.DataTest"/>
  <testcase name="disableFunc" classname="testng.DataTest">
    <skipped/>
  </testcase> <!-- disableFunc -->
</testsuite> <!-- testng.DataTest -->
