<?xml version="1.0" encoding="UTF-8"?>
<!-- Generated by org.testng.reporters.JUnitReportReporter -->
<testsuite name="testng.DataTest" tests="5" time="0.025" ignored="1" failures="0" timestamp="07 二月 2017 07:16:12 GMT" skipped="0" hostname="QiuZidanes-MacBookAir.local" errors="0">
  <testcase name="f" time="0.004" classname="testng.DataTest"/>
  <testcase name="依赖别人的方法" time="0.002" classname="testng.DataTest"/>
  <testcase name="被依赖方法1" time="0.002" classname="testng.DataTest"/>
  <testcase name="f" time="0.014" classname="testng.DataTest"/>
  <testcase name="被依赖方法0" time="0.003" classname="testng.DataTest"/>
  <testcase name="disableFunc" classname="testng.DataTest">
    <skipped/>
  </testcase> <!-- disableFunc -->
</testsuite> <!-- testng.DataTest -->
