<?xml version="1.0" encoding="UTF-8"?>
<!-- Generated by org.testng.reporters.JUnitReportReporter -->
<testsuite name="testng.TestngFactoryTest" tests="10" time="0.029" ignored="0" failures="0" timestamp="07 二月 2017 03:26:50 GMT" skipped="0" hostname="QiuZidanes-MacBookAir.local" errors="0">
  <testcase name="testServer" time="0.001" classname="testng.TestngFactoryTest"/>
  <testcase name="testServer" time="0.001" classname="testng.TestngFactoryTest"/>
  <testcase name="testServer" time="0.002" classname="testng.TestngFactoryTest"/>
  <testcase name="testServer" time="0.002" classname="testng.TestngFactoryTest"/>
  <testcase name="testServer" time="0.004" classname="testng.TestngFactoryTest"/>
  <testcase name="testServer" time="0.002" classname="testng.TestngFactoryTest"/>
  <testcase name="testServer" time="0.013" classname="testng.TestngFactoryTest"/>
  <testcase name="testServer" time="0.001" classname="testng.TestngFactoryTest"/>
  <testcase name="testServer" time="0.002" classname="testng.TestngFactoryTest"/>
  <testcase name="testServer" time="0.001" classname="testng.TestngFactoryTest"/>
</testsuite> <!-- testng.TestngFactoryTest -->
